assignment0.c:5:5: error: expected ‘,’ or ‘;’ before ‘float’
assignment0.c:7:13: error: expected ‘;’ at end of input
assignment0.c:7:5: error: expected declaration or statement at end of input
